0 info it worked if it ends with ok
1 verbose cli [ 'node', '/usr/local/bin/npm', 'install' ]
2 info using npm@1.4.28
3 info using node@v0.10.33
4 warn package.json baby-diary@1.0.0 No repository field.
5 verbose readDependencies using package.json deps
6 verbose install where, deps [ '/Users/liyuhua/git/baby-diary',
6 verbose install   [ 'gulp',
6 verbose install     'gulp-sass',
6 verbose install     'gulp-concat',
6 verbose install     'gulp-minify-css',
6 verbose install     'gulp-rename',
6 verbose install     'bower',
6 verbose install     'gulp-util',
6 verbose install     'shelljs' ] ]
7 info preinstall baby-diary@1.0.0
8 verbose readDependencies using package.json deps
9 verbose already installed skipping gulp@^3.5.6 /Users/liyuhua/git/baby-diary
10 verbose cache add [ 'gulp-sass@^1.3.3', null ]
11 verbose cache add name=undefined spec="gulp-sass@^1.3.3" args=["gulp-sass@^1.3.3",null]
12 verbose parsed url { protocol: null,
12 verbose parsed url   slashes: null,
12 verbose parsed url   auth: null,
12 verbose parsed url   host: null,
12 verbose parsed url   port: null,
12 verbose parsed url   hostname: null,
12 verbose parsed url   hash: null,
12 verbose parsed url   search: null,
12 verbose parsed url   query: null,
12 verbose parsed url   pathname: 'gulp-sass@^1.3.3',
12 verbose parsed url   path: 'gulp-sass@^1.3.3',
12 verbose parsed url   href: 'gulp-sass@^1.3.3' }
13 verbose cache add [ 'gulp-concat@^2.2.0', null ]
14 verbose cache add name=undefined spec="gulp-concat@^2.2.0" args=["gulp-concat@^2.2.0",null]
15 verbose parsed url { protocol: null,
15 verbose parsed url   slashes: null,
15 verbose parsed url   auth: null,
15 verbose parsed url   host: null,
15 verbose parsed url   port: null,
15 verbose parsed url   hostname: null,
15 verbose parsed url   hash: null,
15 verbose parsed url   search: null,
15 verbose parsed url   query: null,
15 verbose parsed url   pathname: 'gulp-concat@^2.2.0',
15 verbose parsed url   path: 'gulp-concat@^2.2.0',
15 verbose parsed url   href: 'gulp-concat@^2.2.0' }
16 verbose cache add [ 'gulp-minify-css@^0.3.0', null ]
17 verbose cache add name=undefined spec="gulp-minify-css@^0.3.0" args=["gulp-minify-css@^0.3.0",null]
18 verbose parsed url { protocol: null,
18 verbose parsed url   slashes: null,
18 verbose parsed url   auth: null,
18 verbose parsed url   host: null,
18 verbose parsed url   port: null,
18 verbose parsed url   hostname: null,
18 verbose parsed url   hash: null,
18 verbose parsed url   search: null,
18 verbose parsed url   query: null,
18 verbose parsed url   pathname: 'gulp-minify-css@^0.3.0',
18 verbose parsed url   path: 'gulp-minify-css@^0.3.0',
18 verbose parsed url   href: 'gulp-minify-css@^0.3.0' }
19 verbose cache add name="gulp-sass" spec="^1.3.3" args=["gulp-sass","^1.3.3"]
20 verbose parsed url { protocol: null,
20 verbose parsed url   slashes: null,
20 verbose parsed url   auth: null,
20 verbose parsed url   host: null,
20 verbose parsed url   port: null,
20 verbose parsed url   hostname: null,
20 verbose parsed url   hash: null,
20 verbose parsed url   search: null,
20 verbose parsed url   query: null,
20 verbose parsed url   pathname: '^1.3.3',
20 verbose parsed url   path: '^1.3.3',
20 verbose parsed url   href: '^1.3.3' }
21 verbose addNamed [ 'gulp-sass', '^1.3.3' ]
22 verbose addNamed [ null, '>=1.3.3-0 <2.0.0-0' ]
23 verbose cache add name="gulp-concat" spec="^2.2.0" args=["gulp-concat","^2.2.0"]
24 verbose parsed url { protocol: null,
24 verbose parsed url   slashes: null,
24 verbose parsed url   auth: null,
24 verbose parsed url   host: null,
24 verbose parsed url   port: null,
24 verbose parsed url   hostname: null,
24 verbose parsed url   hash: null,
24 verbose parsed url   search: null,
24 verbose parsed url   query: null,
24 verbose parsed url   pathname: '^2.2.0',
24 verbose parsed url   path: '^2.2.0',
24 verbose parsed url   href: '^2.2.0' }
25 verbose addNamed [ 'gulp-concat', '^2.2.0' ]
26 verbose addNamed [ null, '>=2.2.0-0 <3.0.0-0' ]
27 verbose cache add [ 'gulp-rename@^1.2.0', null ]
28 verbose cache add name=undefined spec="gulp-rename@^1.2.0" args=["gulp-rename@^1.2.0",null]
29 verbose parsed url { protocol: null,
29 verbose parsed url   slashes: null,
29 verbose parsed url   auth: null,
29 verbose parsed url   host: null,
29 verbose parsed url   port: null,
29 verbose parsed url   hostname: null,
29 verbose parsed url   hash: null,
29 verbose parsed url   search: null,
29 verbose parsed url   query: null,
29 verbose parsed url   pathname: 'gulp-rename@^1.2.0',
29 verbose parsed url   path: 'gulp-rename@^1.2.0',
29 verbose parsed url   href: 'gulp-rename@^1.2.0' }
30 verbose cache add name="gulp-minify-css" spec="^0.3.0" args=["gulp-minify-css","^0.3.0"]
31 verbose parsed url { protocol: null,
31 verbose parsed url   slashes: null,
31 verbose parsed url   auth: null,
31 verbose parsed url   host: null,
31 verbose parsed url   port: null,
31 verbose parsed url   hostname: null,
31 verbose parsed url   hash: null,
31 verbose parsed url   search: null,
31 verbose parsed url   query: null,
31 verbose parsed url   pathname: '^0.3.0',
31 verbose parsed url   path: '^0.3.0',
31 verbose parsed url   href: '^0.3.0' }
32 verbose addNamed [ 'gulp-minify-css', '^0.3.0' ]
33 verbose addNamed [ null, '>=0.3.0-0 <0.4.0-0' ]
34 silly lockFile c5cae820-gulp-sass-1-3-3 gulp-sass@^1.3.3
35 verbose lock gulp-sass@^1.3.3 /Users/liyuhua/.npm/c5cae820-gulp-sass-1-3-3.lock
36 silly lockFile bade1119-gulp-concat-2-2-0 gulp-concat@^2.2.0
37 verbose lock gulp-concat@^2.2.0 /Users/liyuhua/.npm/bade1119-gulp-concat-2-2-0.lock
38 silly lockFile 97140670-gulp-minify-css-0-3-0 gulp-minify-css@^0.3.0
39 verbose lock gulp-minify-css@^0.3.0 /Users/liyuhua/.npm/97140670-gulp-minify-css-0-3-0.lock
40 verbose cache add [ 'bower@^1.3.3', null ]
41 verbose cache add name=undefined spec="bower@^1.3.3" args=["bower@^1.3.3",null]
42 verbose parsed url { protocol: null,
42 verbose parsed url   slashes: null,
42 verbose parsed url   auth: null,
42 verbose parsed url   host: null,
42 verbose parsed url   port: null,
42 verbose parsed url   hostname: null,
42 verbose parsed url   hash: null,
42 verbose parsed url   search: null,
42 verbose parsed url   query: null,
42 verbose parsed url   pathname: 'bower@^1.3.3',
42 verbose parsed url   path: 'bower@^1.3.3',
42 verbose parsed url   href: 'bower@^1.3.3' }
43 verbose cache add [ 'gulp-util@^2.2.14', null ]
44 verbose cache add name=undefined spec="gulp-util@^2.2.14" args=["gulp-util@^2.2.14",null]
45 verbose parsed url { protocol: null,
45 verbose parsed url   slashes: null,
45 verbose parsed url   auth: null,
45 verbose parsed url   host: null,
45 verbose parsed url   port: null,
45 verbose parsed url   hostname: null,
45 verbose parsed url   hash: null,
45 verbose parsed url   search: null,
45 verbose parsed url   query: null,
45 verbose parsed url   pathname: 'gulp-util@^2.2.14',
45 verbose parsed url   path: 'gulp-util@^2.2.14',
45 verbose parsed url   href: 'gulp-util@^2.2.14' }
46 verbose cache add name="gulp-rename" spec="^1.2.0" args=["gulp-rename","^1.2.0"]
47 verbose parsed url { protocol: null,
47 verbose parsed url   slashes: null,
47 verbose parsed url   auth: null,
47 verbose parsed url   host: null,
47 verbose parsed url   port: null,
47 verbose parsed url   hostname: null,
47 verbose parsed url   hash: null,
47 verbose parsed url   search: null,
47 verbose parsed url   query: null,
47 verbose parsed url   pathname: '^1.2.0',
47 verbose parsed url   path: '^1.2.0',
47 verbose parsed url   href: '^1.2.0' }
48 verbose addNamed [ 'gulp-rename', '^1.2.0' ]
49 verbose addNamed [ null, '>=1.2.0-0 <2.0.0-0' ]
50 silly lockFile 31cef36d-gulp-rename-1-2-0 gulp-rename@^1.2.0
51 verbose lock gulp-rename@^1.2.0 /Users/liyuhua/.npm/31cef36d-gulp-rename-1-2-0.lock
52 verbose cache add name="bower" spec="^1.3.3" args=["bower","^1.3.3"]
53 verbose parsed url { protocol: null,
53 verbose parsed url   slashes: null,
53 verbose parsed url   auth: null,
53 verbose parsed url   host: null,
53 verbose parsed url   port: null,
53 verbose parsed url   hostname: null,
53 verbose parsed url   hash: null,
53 verbose parsed url   search: null,
53 verbose parsed url   query: null,
53 verbose parsed url   pathname: '^1.3.3',
53 verbose parsed url   path: '^1.3.3',
53 verbose parsed url   href: '^1.3.3' }
54 verbose addNamed [ 'bower', '^1.3.3' ]
55 verbose addNamed [ null, '>=1.3.3-0 <2.0.0-0' ]
56 silly lockFile 0aa5c27e-bower-1-3-3 bower@^1.3.3
57 verbose lock bower@^1.3.3 /Users/liyuhua/.npm/0aa5c27e-bower-1-3-3.lock
58 verbose cache add [ 'shelljs@^0.3.0', null ]
59 verbose cache add name=undefined spec="shelljs@^0.3.0" args=["shelljs@^0.3.0",null]
60 verbose parsed url { protocol: null,
60 verbose parsed url   slashes: null,
60 verbose parsed url   auth: null,
60 verbose parsed url   host: null,
60 verbose parsed url   port: null,
60 verbose parsed url   hostname: null,
60 verbose parsed url   hash: null,
60 verbose parsed url   search: null,
60 verbose parsed url   query: null,
60 verbose parsed url   pathname: 'shelljs@^0.3.0',
60 verbose parsed url   path: 'shelljs@^0.3.0',
60 verbose parsed url   href: 'shelljs@^0.3.0' }
61 verbose cache add name="gulp-util" spec="^2.2.14" args=["gulp-util","^2.2.14"]
62 verbose parsed url { protocol: null,
62 verbose parsed url   slashes: null,
62 verbose parsed url   auth: null,
62 verbose parsed url   host: null,
62 verbose parsed url   port: null,
62 verbose parsed url   hostname: null,
62 verbose parsed url   hash: null,
62 verbose parsed url   search: null,
62 verbose parsed url   query: null,
62 verbose parsed url   pathname: '^2.2.14',
62 verbose parsed url   path: '^2.2.14',
62 verbose parsed url   href: '^2.2.14' }
63 verbose addNamed [ 'gulp-util', '^2.2.14' ]
64 verbose addNamed [ null, '>=2.2.14-0 <3.0.0-0' ]
65 silly lockFile e3e5f16b-gulp-util-2-2-14 gulp-util@^2.2.14
66 verbose lock gulp-util@^2.2.14 /Users/liyuhua/.npm/e3e5f16b-gulp-util-2-2-14.lock
67 silly addNameRange { name: 'gulp-sass',
67 silly addNameRange   range: '>=1.3.3-0 <2.0.0-0',
67 silly addNameRange   hasData: false }
68 silly addNameRange { name: 'gulp-concat',
68 silly addNameRange   range: '>=2.2.0-0 <3.0.0-0',
68 silly addNameRange   hasData: false }
69 silly addNameRange { name: 'gulp-minify-css',
69 silly addNameRange   range: '>=0.3.0-0 <0.4.0-0',
69 silly addNameRange   hasData: false }
70 verbose cache add name="shelljs" spec="^0.3.0" args=["shelljs","^0.3.0"]
71 verbose parsed url { protocol: null,
71 verbose parsed url   slashes: null,
71 verbose parsed url   auth: null,
71 verbose parsed url   host: null,
71 verbose parsed url   port: null,
71 verbose parsed url   hostname: null,
71 verbose parsed url   hash: null,
71 verbose parsed url   search: null,
71 verbose parsed url   query: null,
71 verbose parsed url   pathname: '^0.3.0',
71 verbose parsed url   path: '^0.3.0',
71 verbose parsed url   href: '^0.3.0' }
72 verbose addNamed [ 'shelljs', '^0.3.0' ]
73 verbose addNamed [ null, '>=0.3.0-0 <0.4.0-0' ]
74 silly lockFile 1ddaa962-shelljs-0-3-0 shelljs@^0.3.0
75 verbose lock shelljs@^0.3.0 /Users/liyuhua/.npm/1ddaa962-shelljs-0-3-0.lock
76 silly addNameRange { name: 'gulp-rename',
76 silly addNameRange   range: '>=1.2.0-0 <2.0.0-0',
76 silly addNameRange   hasData: false }
77 silly addNameRange { name: 'bower', range: '>=1.3.3-0 <2.0.0-0', hasData: false }
78 silly addNameRange { name: 'gulp-util',
78 silly addNameRange   range: '>=2.2.14-0 <3.0.0-0',
78 silly addNameRange   hasData: false }
79 silly addNameRange { name: 'shelljs', range: '>=0.3.0-0 <0.4.0-0', hasData: false }
80 verbose request where is /gulp-sass
81 verbose request registry https://registry.npmjs.org/
82 verbose request id eff10992e1488826
83 verbose url raw /gulp-sass
84 verbose url resolving [ 'https://registry.npmjs.org/', './gulp-sass' ]
85 verbose url resolved https://registry.npmjs.org/gulp-sass
86 verbose request where is https://registry.npmjs.org/gulp-sass
87 info trying registry request attempt 1 at 15:30:05
88 verbose etag "6TIX71ZQOTYXTOEUFMG8GT7Z0"
89 http GET https://registry.npmjs.org/gulp-sass
90 verbose request where is /gulp-concat
91 verbose request registry https://registry.npmjs.org/
92 verbose url raw /gulp-concat
93 verbose url resolving [ 'https://registry.npmjs.org/', './gulp-concat' ]
94 verbose url resolved https://registry.npmjs.org/gulp-concat
95 verbose request where is https://registry.npmjs.org/gulp-concat
96 info trying registry request attempt 1 at 15:30:05
97 verbose etag "373GO6883NWJURD91AVVGEOU4"
98 http GET https://registry.npmjs.org/gulp-concat
99 verbose request where is /gulp-minify-css
100 verbose request registry https://registry.npmjs.org/
101 verbose url raw /gulp-minify-css
102 verbose url resolving [ 'https://registry.npmjs.org/', './gulp-minify-css' ]
103 verbose url resolved https://registry.npmjs.org/gulp-minify-css
104 verbose request where is https://registry.npmjs.org/gulp-minify-css
105 info trying registry request attempt 1 at 15:30:05
106 verbose etag "3W3YDDPP6M65YUAJG6RZ6T10V"
107 http GET https://registry.npmjs.org/gulp-minify-css
108 verbose request where is /gulp-rename
109 verbose request registry https://registry.npmjs.org/
110 verbose url raw /gulp-rename
111 verbose url resolving [ 'https://registry.npmjs.org/', './gulp-rename' ]
112 verbose url resolved https://registry.npmjs.org/gulp-rename
113 verbose request where is https://registry.npmjs.org/gulp-rename
114 info trying registry request attempt 1 at 15:30:05
115 verbose etag "M59Y93CC06MF7RDGE94RGAMS"
116 http GET https://registry.npmjs.org/gulp-rename
117 verbose request where is /bower
118 verbose request registry https://registry.npmjs.org/
119 verbose url raw /bower
120 verbose url resolving [ 'https://registry.npmjs.org/', './bower' ]
121 verbose url resolved https://registry.npmjs.org/bower
122 verbose request where is https://registry.npmjs.org/bower
123 info trying registry request attempt 1 at 15:30:05
124 verbose etag "2GYI3HATNKA9S4MKAAMQZEBT3"
125 http GET https://registry.npmjs.org/bower
126 verbose request where is /gulp-util
127 verbose request registry https://registry.npmjs.org/
128 verbose url raw /gulp-util
129 verbose url resolving [ 'https://registry.npmjs.org/', './gulp-util' ]
130 verbose url resolved https://registry.npmjs.org/gulp-util
131 verbose request where is https://registry.npmjs.org/gulp-util
132 info trying registry request attempt 1 at 15:30:05
133 verbose etag "1F3S7YRGC9E1JYDHP642F3Y4Y"
134 http GET https://registry.npmjs.org/gulp-util
135 verbose request where is /shelljs
136 verbose request registry https://registry.npmjs.org/
137 verbose url raw /shelljs
138 verbose url resolving [ 'https://registry.npmjs.org/', './shelljs' ]
139 verbose url resolved https://registry.npmjs.org/shelljs
140 verbose request where is https://registry.npmjs.org/shelljs
141 info trying registry request attempt 1 at 15:30:05
142 verbose etag "F1RNB4VHJJHN31NZS9GSOVHOE"
143 http GET https://registry.npmjs.org/shelljs
144 http 304 https://registry.npmjs.org/gulp-rename
145 silly registry.get cb [ 304,
145 silly registry.get   { date: 'Tue, 21 Apr 2015 07:30:06 GMT',
145 silly registry.get     server: 'Apache',
145 silly registry.get     via: '1.1 varnish',
145 silly registry.get     'last-modified': 'Tue, 21 Apr 2015 06:46:57 GMT',
145 silly registry.get     'cache-control': 'max-age=60',
145 silly registry.get     etag: '"M59Y93CC06MF7RDGE94RGAMS"',
145 silly registry.get     age: '43',
145 silly registry.get     'x-served-by': 'cache-nrt6129-NRT',
145 silly registry.get     'x-cache': 'HIT',
145 silly registry.get     'x-cache-hits': '88',
145 silly registry.get     'x-timer': 'S1429601406.460661,VS0,VE0',
145 silly registry.get     vary: 'Accept',
145 silly registry.get     'content-length': '0',
145 silly registry.get     'keep-alive': 'timeout=10, max=50',
145 silly registry.get     connection: 'Keep-Alive' } ]
146 verbose etag https://registry.npmjs.org/gulp-rename from cache
147 silly addNameRange number 2 { name: 'gulp-rename',
147 silly addNameRange   range: '>=1.2.0-0 <2.0.0-0',
147 silly addNameRange   hasData: true }
148 silly addNameRange versions [ 'gulp-rename',
148 silly addNameRange   [ '0.1.0', '0.2.1', '0.2.2', '1.0.0', '1.1.0', '1.2.0', '1.2.2' ] ]
149 verbose addNamed [ 'gulp-rename', '1.2.2' ]
150 verbose addNamed [ '1.2.2', '1.2.2' ]
151 silly lockFile 36a270fc-gulp-rename-1-2-2 gulp-rename@1.2.2
152 verbose lock gulp-rename@1.2.2 /Users/liyuhua/.npm/36a270fc-gulp-rename-1-2-2.lock
153 silly lockFile 36a270fc-gulp-rename-1-2-2 gulp-rename@1.2.2
154 silly lockFile 36a270fc-gulp-rename-1-2-2 gulp-rename@1.2.2
155 silly lockFile 31cef36d-gulp-rename-1-2-0 gulp-rename@^1.2.0
156 silly lockFile 31cef36d-gulp-rename-1-2-0 gulp-rename@^1.2.0
157 http 304 https://registry.npmjs.org/gulp-util
158 silly registry.get cb [ 304,
158 silly registry.get   { date: 'Tue, 21 Apr 2015 07:30:06 GMT',
158 silly registry.get     server: 'Apache',
158 silly registry.get     via: '1.1 varnish',
158 silly registry.get     'last-modified': 'Tue, 21 Apr 2015 07:30:06 GMT',
158 silly registry.get     'cache-control': 'max-age=60',
158 silly registry.get     etag: '"1F3S7YRGC9E1JYDHP642F3Y4Y"',
158 silly registry.get     age: '4',
158 silly registry.get     'x-served-by': 'cache-nrt6129-NRT',
158 silly registry.get     'x-cache': 'HIT',
158 silly registry.get     'x-cache-hits': '1',
158 silly registry.get     'x-timer': 'S1429601406.568744,VS0,VE0',
158 silly registry.get     vary: 'Accept',
158 silly registry.get     'content-length': '0',
158 silly registry.get     'keep-alive': 'timeout=10, max=49',
158 silly registry.get     connection: 'Keep-Alive' } ]
159 verbose etag https://registry.npmjs.org/gulp-util from cache
160 silly addNameRange number 2 { name: 'gulp-util',
160 silly addNameRange   range: '>=2.2.14-0 <3.0.0-0',
160 silly addNameRange   hasData: true }
161 silly addNameRange versions [ 'gulp-util',
161 silly addNameRange   [ '0.0.1',
161 silly addNameRange     '1.0.0',
161 silly addNameRange     '1.1.0',
161 silly addNameRange     '1.1.1',
161 silly addNameRange     '1.2.0',
161 silly addNameRange     '1.3.0',
161 silly addNameRange     '2.0.0',
161 silly addNameRange     '2.1.1',
161 silly addNameRange     '2.1.2',
161 silly addNameRange     '2.1.3',
161 silly addNameRange     '2.1.4',
161 silly addNameRange     '2.2.0',
161 silly addNameRange     '2.2.1',
161 silly addNameRange     '2.2.2',
161 silly addNameRange     '2.2.3',
161 silly addNameRange     '2.2.5',
161 silly addNameRange     '2.2.6',
161 silly addNameRange     '2.2.7',
161 silly addNameRange     '2.2.8',
161 silly addNameRange     '2.2.9',
161 silly addNameRange     '2.2.10',
161 silly addNameRange     '2.2.11',
161 silly addNameRange     '2.2.12',
161 silly addNameRange     '2.2.13',
161 silly addNameRange     '2.2.14',
161 silly addNameRange     '2.2.15',
161 silly addNameRange     '2.2.16',
161 silly addNameRange     '2.2.17',
161 silly addNameRange     '2.2.18',
161 silly addNameRange     '2.2.19',
161 silly addNameRange     '2.2.20',
161 silly addNameRange     '3.0.0',
161 silly addNameRange     '3.0.1',
161 silly addNameRange     '3.0.2',
161 silly addNameRange     '3.0.3',
161 silly addNameRange     '3.0.4' ] ]
162 verbose addNamed [ 'gulp-util', '2.2.20' ]
163 verbose addNamed [ '2.2.20', '2.2.20' ]
164 silly lockFile 48c194cb-gulp-util-2-2-20 gulp-util@2.2.20
165 verbose lock gulp-util@2.2.20 /Users/liyuhua/.npm/48c194cb-gulp-util-2-2-20.lock
166 silly lockFile 48c194cb-gulp-util-2-2-20 gulp-util@2.2.20
167 silly lockFile 48c194cb-gulp-util-2-2-20 gulp-util@2.2.20
168 silly lockFile e3e5f16b-gulp-util-2-2-14 gulp-util@^2.2.14
169 silly lockFile e3e5f16b-gulp-util-2-2-14 gulp-util@^2.2.14
170 http 304 https://registry.npmjs.org/gulp-sass
171 silly registry.get cb [ 304,
171 silly registry.get   { date: 'Tue, 21 Apr 2015 07:30:06 GMT',
171 silly registry.get     server: 'Apache',
171 silly registry.get     via: '1.1 varnish',
171 silly registry.get     'last-modified': 'Tue, 21 Apr 2015 07:30:06 GMT',
171 silly registry.get     'cache-control': 'max-age=60',
171 silly registry.get     etag: '"6TIX71ZQOTYXTOEUFMG8GT7Z0"',
171 silly registry.get     age: '57',
171 silly registry.get     'x-served-by': 'cache-nrt6125-NRT',
171 silly registry.get     'x-cache': 'HIT',
171 silly registry.get     'x-cache-hits': '1',
171 silly registry.get     'x-timer': 'S1429601406.665000,VS0,VE0',
171 silly registry.get     vary: 'Accept',
171 silly registry.get     'content-length': '0',
171 silly registry.get     'keep-alive': 'timeout=10, max=50',
171 silly registry.get     connection: 'Keep-Alive' } ]
172 verbose etag https://registry.npmjs.org/gulp-sass from cache
173 silly addNameRange number 2 { name: 'gulp-sass', range: '>=1.3.3-0 <2.0.0-0', hasData: true }
174 silly addNameRange versions [ 'gulp-sass',
174 silly addNameRange   [ '0.1.0',
174 silly addNameRange     '0.2.1',
174 silly addNameRange     '0.2.2',
174 silly addNameRange     '0.2.3',
174 silly addNameRange     '0.3.0',
174 silly addNameRange     '0.4.0',
174 silly addNameRange     '0.4.1',
174 silly addNameRange     '0.5.0',
174 silly addNameRange     '0.5.1',
174 silly addNameRange     '0.5.2',
174 silly addNameRange     '0.6.0',
174 silly addNameRange     '0.7.0',
174 silly addNameRange     '0.7.1',
174 silly addNameRange     '0.7.2',
174 silly addNameRange     '0.7.3',
174 silly addNameRange     '1.0.0',
174 silly addNameRange     '1.1.0',
174 silly addNameRange     '1.2.0',
174 silly addNameRange     '1.2.1',
174 silly addNameRange     '1.2.2',
174 silly addNameRange     '1.2.3',
174 silly addNameRange     '1.2.4',
174 silly addNameRange     '1.3.0',
174 silly addNameRange     '1.3.1',
174 silly addNameRange     '1.3.2',
174 silly addNameRange     '1.3.3',
174 silly addNameRange     '2.0.0-alpha.1' ] ]
175 verbose addNamed [ 'gulp-sass', '1.3.3' ]
176 verbose addNamed [ '1.3.3', '1.3.3' ]
177 silly lockFile bd3023a4-gulp-sass-1-3-3 gulp-sass@1.3.3
178 verbose lock gulp-sass@1.3.3 /Users/liyuhua/.npm/bd3023a4-gulp-sass-1-3-3.lock
179 silly lockFile 9876ba90-rg-gulp-sass-gulp-sass-1-3-3-tgz https://registry.npmjs.org/gulp-sass/-/gulp-sass-1.3.3.tgz
180 verbose lock https://registry.npmjs.org/gulp-sass/-/gulp-sass-1.3.3.tgz /Users/liyuhua/.npm/9876ba90-rg-gulp-sass-gulp-sass-1-3-3-tgz.lock
181 verbose addRemoteTarball [ 'https://registry.npmjs.org/gulp-sass/-/gulp-sass-1.3.3.tgz',
181 verbose addRemoteTarball   '66da87646bbfd299988c8ebbe94cefaff50e5662' ]
182 info retry fetch attempt 1 at 15:30:06
183 verbose fetch to= /var/folders/1j/jfxvjt9j5z16c2p6vytjpslh0000gq/T/npm-4194-2gSRLXzo/registry.npmjs.org/gulp-sass/-/gulp-sass-1.3.3.tgz
184 http GET https://registry.npmjs.org/gulp-sass/-/gulp-sass-1.3.3.tgz
185 http 304 https://registry.npmjs.org/shelljs
186 silly registry.get cb [ 304,
186 silly registry.get   { date: 'Tue, 21 Apr 2015 07:30:06 GMT',
186 silly registry.get     server: 'Apache',
186 silly registry.get     via: '1.1 varnish',
186 silly registry.get     'last-modified': 'Tue, 21 Apr 2015 07:30:06 GMT',
186 silly registry.get     'cache-control': 'max-age=60',
186 silly registry.get     etag: '"F1RNB4VHJJHN31NZS9GSOVHOE"',
186 silly registry.get     age: '37',
186 silly registry.get     'x-served-by': 'cache-nrt6129-NRT',
186 silly registry.get     'x-cache': 'HIT',
186 silly registry.get     'x-cache-hits': '1',
186 silly registry.get     'x-timer': 'S1429601406.692613,VS0,VE1',
186 silly registry.get     vary: 'Accept',
186 silly registry.get     'content-length': '0',
186 silly registry.get     'keep-alive': 'timeout=10, max=48',
186 silly registry.get     connection: 'Keep-Alive' } ]
187 verbose etag https://registry.npmjs.org/shelljs from cache
188 silly addNameRange number 2 { name: 'shelljs', range: '>=0.3.0-0 <0.4.0-0', hasData: true }
189 silly addNameRange versions [ 'shelljs',
189 silly addNameRange   [ '0.0.1',
189 silly addNameRange     '0.0.2',
189 silly addNameRange     '0.0.3',
189 silly addNameRange     '0.0.4',
189 silly addNameRange     '0.0.5',
189 silly addNameRange     '0.0.6',
189 silly addNameRange     '0.0.7',
189 silly addNameRange     '0.0.8',
189 silly addNameRange     '0.0.9',
189 silly addNameRange     '0.1.0',
189 silly addNameRange     '0.1.1',
189 silly addNameRange     '0.1.2',
189 silly addNameRange     '0.1.3',
189 silly addNameRange     '0.1.4',
189 silly addNameRange     '0.2.0',
189 silly addNameRange     '0.2.1',
189 silly addNameRange     '0.2.2',
189 silly addNameRange     '0.2.3',
189 silly addNameRange     '0.2.4',
189 silly addNameRange     '0.2.5',
189 silly addNameRange     '0.2.6',
189 silly addNameRange     '0.3.0',
189 silly addNameRange     '0.4.0',
189 silly addNameRange     '0.0.1-alpha1',
189 silly addNameRange     '0.0.2-pre1',
189 silly addNameRange     '0.0.4-pre1',
189 silly addNameRange     '0.0.5-pre1',
189 silly addNameRange     '0.0.5-pre2',
189 silly addNameRange     '0.0.5-pre3',
189 silly addNameRange     '0.0.5-pre4',
189 silly addNameRange     '0.0.6-pre1',
189 silly addNameRange     '0.0.6-pre2' ] ]
190 verbose addNamed [ 'shelljs', '0.3.0' ]
191 verbose addNamed [ '0.3.0', '0.3.0' ]
192 silly lockFile 7d3918b1-shelljs-0-3-0 shelljs@0.3.0
193 verbose lock shelljs@0.3.0 /Users/liyuhua/.npm/7d3918b1-shelljs-0-3-0.lock
194 silly lockFile 7d3918b1-shelljs-0-3-0 shelljs@0.3.0
195 silly lockFile 7d3918b1-shelljs-0-3-0 shelljs@0.3.0
196 silly lockFile 1ddaa962-shelljs-0-3-0 shelljs@^0.3.0
197 silly lockFile 1ddaa962-shelljs-0-3-0 shelljs@^0.3.0
198 http 304 https://registry.npmjs.org/gulp-concat
199 silly registry.get cb [ 304,
199 silly registry.get   { date: 'Tue, 21 Apr 2015 07:30:06 GMT',
199 silly registry.get     server: 'Apache',
199 silly registry.get     via: '1.1 varnish',
199 silly registry.get     'last-modified': 'Tue, 21 Apr 2015 07:30:06 GMT',
199 silly registry.get     'cache-control': 'max-age=60',
199 silly registry.get     etag: '"373GO6883NWJURD91AVVGEOU4"',
199 silly registry.get     age: '0',
199 silly registry.get     'x-served-by': 'cache-nrt6134-NRT',
199 silly registry.get     'x-cache': 'HIT',
199 silly registry.get     'x-cache-hits': '1',
199 silly registry.get     'x-timer': 'S1429601406.279123,VS0,VE687',
199 silly registry.get     vary: 'Accept',
199 silly registry.get     'content-length': '0',
199 silly registry.get     'keep-alive': 'timeout=10, max=50',
199 silly registry.get     connection: 'Keep-Alive' } ]
200 verbose etag https://registry.npmjs.org/gulp-concat from cache
201 silly addNameRange number 2 { name: 'gulp-concat',
201 silly addNameRange   range: '>=2.2.0-0 <3.0.0-0',
201 silly addNameRange   hasData: true }
202 silly addNameRange versions [ 'gulp-concat',
202 silly addNameRange   [ '0.0.1',
202 silly addNameRange     '1.0.0',
202 silly addNameRange     '1.1.0',
202 silly addNameRange     '2.0.0',
202 silly addNameRange     '2.1.0',
202 silly addNameRange     '2.1.1',
202 silly addNameRange     '2.1.2',
202 silly addNameRange     '2.1.3',
202 silly addNameRange     '2.1.4',
202 silly addNameRange     '2.1.5',
202 silly addNameRange     '2.1.6',
202 silly addNameRange     '2.1.7',
202 silly addNameRange     '2.2.0',
202 silly addNameRange     '2.3.0',
202 silly addNameRange     '2.3.3',
202 silly addNameRange     '2.3.4',
202 silly addNameRange     '2.3.5',
202 silly addNameRange     '2.4.0',
202 silly addNameRange     '2.4.1',
202 silly addNameRange     '2.4.2',
202 silly addNameRange     '2.4.3',
202 silly addNameRange     '2.5.0',
202 silly addNameRange     '2.5.1',
202 silly addNameRange     '2.5.2' ] ]
203 verbose addNamed [ 'gulp-concat', '2.5.2' ]
204 verbose addNamed [ '2.5.2', '2.5.2' ]
205 silly lockFile f86cbda2-gulp-concat-2-5-2 gulp-concat@2.5.2
206 verbose lock gulp-concat@2.5.2 /Users/liyuhua/.npm/f86cbda2-gulp-concat-2-5-2.lock
207 silly lockFile f86cbda2-gulp-concat-2-5-2 gulp-concat@2.5.2
208 silly lockFile f86cbda2-gulp-concat-2-5-2 gulp-concat@2.5.2
209 silly lockFile bade1119-gulp-concat-2-2-0 gulp-concat@^2.2.0
210 silly lockFile bade1119-gulp-concat-2-2-0 gulp-concat@^2.2.0
211 http 304 https://registry.npmjs.org/bower
212 silly registry.get cb [ 304,
212 silly registry.get   { date: 'Tue, 21 Apr 2015 07:30:06 GMT',
212 silly registry.get     server: 'Apache',
212 silly registry.get     via: '1.1 varnish',
212 silly registry.get     'last-modified': 'Tue, 21 Apr 2015 07:30:07 GMT',
212 silly registry.get     'cache-control': 'max-age=60',
212 silly registry.get     etag: '"2GYI3HATNKA9S4MKAAMQZEBT3"',
212 silly registry.get     age: '0',
212 silly registry.get     'x-served-by': 'cache-nrt6127-NRT',
212 silly registry.get     'x-cache': 'HIT',
212 silly registry.get     'x-cache-hits': '1',
212 silly registry.get     'x-timer': 'S1429601406.517899,VS0,VE792',
212 silly registry.get     vary: 'Accept',
212 silly registry.get     'content-length': '0',
212 silly registry.get     'keep-alive': 'timeout=10, max=50',
212 silly registry.get     connection: 'Keep-Alive' } ]
213 verbose etag https://registry.npmjs.org/bower from cache
214 silly addNameRange number 2 { name: 'bower', range: '>=1.3.3-0 <2.0.0-0', hasData: true }
215 silly addNameRange versions [ 'bower',
215 silly addNameRange   [ '0.1.0',
215 silly addNameRange     '0.1.2',
215 silly addNameRange     '0.1.3',
215 silly addNameRange     '0.2.0',
215 silly addNameRange     '0.3.0',
215 silly addNameRange     '0.3.1',
215 silly addNameRange     '0.3.2',
215 silly addNameRange     '0.4.0',
215 silly addNameRange     '0.5.0',
215 silly addNameRange     '0.5.1',
215 silly addNameRange     '0.6.0',
215 silly addNameRange     '0.6.1',
215 silly addNameRange     '0.6.2',
215 silly addNameRange     '0.6.3',
215 silly addNameRange     '0.6.4',
215 silly addNameRange     '0.6.5',
215 silly addNameRange     '0.6.6',
215 silly addNameRange     '0.6.7',
215 silly addNameRange     '0.6.8',
215 silly addNameRange     '0.7.0',
215 silly addNameRange     '0.7.1',
215 silly addNameRange     '0.8.0',
215 silly addNameRange     '0.8.1',
215 silly addNameRange     '0.8.2',
215 silly addNameRange     '0.8.3',
215 silly addNameRange     '0.8.4',
215 silly addNameRange     '0.8.5',
215 silly addNameRange     '0.8.6',
215 silly addNameRange     '0.9.0',
215 silly addNameRange     '0.9.1',
215 silly addNameRange     '0.9.2',
215 silly addNameRange     '0.10.0',
215 silly addNameRange     '1.0.0',
215 silly addNameRange     '1.0.1',
215 silly addNameRange     '1.0.2',
215 silly addNameRange     '1.0.3',
215 silly addNameRange     '1.1.0',
215 silly addNameRange     '1.1.1',
215 silly addNameRange     '1.1.2',
215 silly addNameRange     '1.2.0',
215 silly addNameRange     '1.2.1',
215 silly addNameRange     '1.2.2',
215 silly addNameRange     '1.2.3',
215 silly addNameRange     '1.2.4',
215 silly addNameRange     '1.2.5',
215 silly addNameRange     '1.2.6',
215 silly addNameRange     '1.2.7',
215 silly addNameRange     '1.2.8',
215 silly addNameRange     '1.3.0',
215 silly addNameRange     '1.3.1',
215 silly addNameRange     '1.3.2',
215 silly addNameRange     '1.3.3',
215 silly addNameRange     '1.3.4',
215 silly addNameRange     '1.3.5',
215 silly addNameRange     '1.3.6',
215 silly addNameRange     '1.3.7',
215 silly addNameRange     '1.3.8',
215 silly addNameRange     '1.3.9',
215 silly addNameRange     '1.3.10',
215 silly addNameRange     '1.3.11',
215 silly addNameRange     '1.3.12',
215 silly addNameRange     '1.4.0',
215 silly addNameRange     '1.4.1' ] ]
216 verbose addNamed [ 'bower', '1.4.1' ]
217 verbose addNamed [ '1.4.1', '1.4.1' ]
218 silly lockFile 185f46c0-bower-1-4-1 bower@1.4.1
219 verbose lock bower@1.4.1 /Users/liyuhua/.npm/185f46c0-bower-1-4-1.lock
220 silly lockFile 185f46c0-bower-1-4-1 bower@1.4.1
221 silly lockFile 185f46c0-bower-1-4-1 bower@1.4.1
222 silly lockFile 0aa5c27e-bower-1-3-3 bower@^1.3.3
223 silly lockFile 0aa5c27e-bower-1-3-3 bower@^1.3.3
224 http 200 https://registry.npmjs.org/gulp-sass/-/gulp-sass-1.3.3.tgz
225 silly lockFile 9876ba90-rg-gulp-sass-gulp-sass-1-3-3-tgz https://registry.npmjs.org/gulp-sass/-/gulp-sass-1.3.3.tgz
226 silly lockFile 9876ba90-rg-gulp-sass-gulp-sass-1-3-3-tgz https://registry.npmjs.org/gulp-sass/-/gulp-sass-1.3.3.tgz
227 silly lockFile bd3023a4-gulp-sass-1-3-3 gulp-sass@1.3.3
228 silly lockFile bd3023a4-gulp-sass-1-3-3 gulp-sass@1.3.3
229 silly lockFile c5cae820-gulp-sass-1-3-3 gulp-sass@^1.3.3
230 silly lockFile c5cae820-gulp-sass-1-3-3 gulp-sass@^1.3.3
231 http 304 https://registry.npmjs.org/gulp-minify-css
232 silly registry.get cb [ 304,
232 silly registry.get   { date: 'Tue, 21 Apr 2015 07:30:08 GMT',
232 silly registry.get     server: 'Apache',
232 silly registry.get     via: '1.1 varnish',
232 silly registry.get     'last-modified': 'Tue, 21 Apr 2015 07:30:08 GMT',
232 silly registry.get     'cache-control': 'max-age=60',
232 silly registry.get     etag: '"3W3YDDPP6M65YUAJG6RZ6T10V"',
232 silly registry.get     age: '24',
232 silly registry.get     'x-served-by': 'cache-nrt6135-NRT',
232 silly registry.get     'x-cache': 'HIT',
232 silly registry.get     'x-cache-hits': '1',
232 silly registry.get     'x-timer': 'S1429601408.348372,VS0,VE1',
232 silly registry.get     vary: 'Accept',
232 silly registry.get     'content-length': '0',
232 silly registry.get     'keep-alive': 'timeout=10, max=50',
232 silly registry.get     connection: 'Keep-Alive' } ]
233 verbose etag https://registry.npmjs.org/gulp-minify-css from cache
234 silly addNameRange number 2 { name: 'gulp-minify-css',
234 silly addNameRange   range: '>=0.3.0-0 <0.4.0-0',
234 silly addNameRange   hasData: true }
235 silly addNameRange versions [ 'gulp-minify-css',
235 silly addNameRange   [ '0.0.1',
235 silly addNameRange     '0.1.0',
235 silly addNameRange     '0.2.0',
235 silly addNameRange     '0.3.0',
235 silly addNameRange     '0.3.1',
235 silly addNameRange     '0.3.2',
235 silly addNameRange     '0.3.3',
235 silly addNameRange     '0.3.4',
235 silly addNameRange     '0.3.5',
235 silly addNameRange     '0.3.6',
235 silly addNameRange     '0.3.7',
235 silly addNameRange     '0.3.8',
235 silly addNameRange     '0.3.9',
235 silly addNameRange     '0.3.10',
235 silly addNameRange     '0.3.11',
235 silly addNameRange     '0.3.12',
235 silly addNameRange     '0.3.13',
235 silly addNameRange     '0.4.0',
235 silly addNameRange     '0.4.1',
235 silly addNameRange     '0.4.2',
235 silly addNameRange     '0.4.3',
235 silly addNameRange     '0.4.4',
235 silly addNameRange     '0.4.5',
235 silly addNameRange     '0.4.6',
235 silly addNameRange     '0.5.0',
235 silly addNameRange     '0.5.1',
235 silly addNameRange     '1.0.0',
235 silly addNameRange     '1.1.0' ] ]
236 verbose addNamed [ 'gulp-minify-css', '0.3.13' ]
237 verbose addNamed [ '0.3.13', '0.3.13' ]
238 silly lockFile 9038a954-gulp-minify-css-0-3-13 gulp-minify-css@0.3.13
239 verbose lock gulp-minify-css@0.3.13 /Users/liyuhua/.npm/9038a954-gulp-minify-css-0-3-13.lock
240 silly lockFile 9038a954-gulp-minify-css-0-3-13 gulp-minify-css@0.3.13
241 silly lockFile 9038a954-gulp-minify-css-0-3-13 gulp-minify-css@0.3.13
242 silly lockFile 97140670-gulp-minify-css-0-3-0 gulp-minify-css@^0.3.0
243 silly lockFile 97140670-gulp-minify-css-0-3-0 gulp-minify-css@^0.3.0
244 error Error: EACCES, mkdir '/Users/liyuhua/.npm/gulp-sass/1.3.3'
244 error  { [Error: EACCES, mkdir '/Users/liyuhua/.npm/gulp-sass/1.3.3']
244 error   errno: 3,
244 error   code: 'EACCES',
244 error   path: '/Users/liyuhua/.npm/gulp-sass/1.3.3',
244 error   parent: 'baby-diary' }
245 error Please try running this command again as root/Administrator.
246 error System Darwin 14.0.0
247 error command "node" "/usr/local/bin/npm" "install"
248 error cwd /Users/liyuhua/git/baby-diary
249 error node -v v0.10.33
250 error npm -v 1.4.28
251 error path /Users/liyuhua/.npm/gulp-sass/1.3.3
252 error code EACCES
253 error errno 3
254 error stack Error: EACCES, mkdir '/Users/liyuhua/.npm/gulp-sass/1.3.3'
255 verbose exit [ 3, true ]
